Arguments: 
  /Users/dmsilaev/.nvm/versions/node/v8.11.3/bin/node /Users/dmsilaev/.nvm/versions/node/v8.11.3/bin/yarn install

PATH: 
  /Users/dmsilaev/.nvm/versions/node/v8.11.3/bin:/Users/dmsilaev/.rvm/gems/ruby-2.4.3@scamdata/bin:/Users/dmsilaev/.rvm/gems/ruby-2.4.3@global/bin:/Users/dmsilaev/.rvm/rubies/ruby-2.4.3/bin:/Users/dmsilaev/.rvm/bin:/usr/local/bin:/usr/bin:/bin:/usr/sbin:/sbin:/usr/local/opt/fzf/bin

Yarn version: 
  1.7.0

Node version: 
  8.11.3

Platform: 
  darwin x64

Trace: 
  SyntaxError: /Users/dmsilaev/work/scamdata/client/package.json: Unexpected token } in JSON at position 1893
      at JSON.parse (<anonymous>)
      at /Users/dmsilaev/.nvm/versions/node/v8.11.3/lib/node_modules/yarn/lib/cli.js:1130:59
      at Generator.next (<anonymous>)
      at step (/Users/dmsilaev/.nvm/versions/node/v8.11.3/lib/node_modules/yarn/lib/cli.js:98:30)
      at /Users/dmsilaev/.nvm/versions/node/v8.11.3/lib/node_modules/yarn/lib/cli.js:109:13
      at <anonymous>

npm manifest: 
  {
    "name": "gtmoon-web",
    "version": "1.0.0",
    "description": "web client for gmtoon-api",
    "main": "webpack.config.js",
  
    "scripts": {
      "start": "webpack-dev-server --config webpack.config.js",
      "build": "rimraf ./dist && NODE_ENV=production webpack --config webpack.config.production.js",
      "preview": "http-server ./dist -p 1234 -c-1",
      "test": "echo \"Error: no test specified\" && exit 1"
    },
    "repository": "git@githab.com:dmsilaev/gtmoon-web.git",
    "keywords": [
      "React",
      "React-Router",
      "MobX",
      "Webpack",
      "ES6",
      "ES7"
    ],
  
    "devDependencies": {
      "babel-core": "^6.23.1",
      "babel-loader": "^7.1.1",
      "babel-plugin-transform-async-to-generator": "^6.24.1",
      "babel-plugin-transform-decorators-legacy": "^1.3.4",
      "babel-plugin-transform-runtime": "^6.23.0",
      "babel-polyfill": "^6.23.0",
      "babel-preset-es2015": "^6.22.0",
      "babel-preset-react": "^6.16.0",
      "babel-preset-stage-0": "^6.16.0",
      "babel-runtime": "^6.26.0",
      "compression-webpack-plugin": "^1.0.1",
      "copy-webpack-plugin": "^4.5.1",
      "css-declaration-sorter": "^3.0.1",
      "css-loader": "^0.28.0",
      "css-mqpacker": "^6.0.1",
      "extract-text-webpack-plugin": "^3.0.0",
      "faker": "^4.1.0",
      "file-loader": "^1.1.5",
      "html-webpack-plugin": "^3.2.0",
      "image-webpack-loader": "^4.2.0",
      "mobx-react-devtools": "^4.2.15",
      "node-sass": "^4.7.2",
      "package": "^1.0.1",
      "pascal-case": "^2.0.1",
      "postcss-cssnext": "^3.0.2",
      "postcss-loader": "^2.0.6",
      "react-hot-loader": "^4.1.3",
      "resolve-url-loader": "^2.1.0",
      "rimraf": "^2.5.4",
      "sass-loader": "^7.0.1",
      "style-loader": "^0.21.0",
      "svg-sprite-loader": "^3.2.4",
      "url-loader": "^1.0.1",
      "webpack": "^3.4.1",
      "webpack-bundle-analyzer": "^2.9.1",
      "webpack-dev-server": "^2.6.1"
    },
  
    "author": "Dmitry Silaev",
  }

yarn manifest: 
  No manifest

Lockfile: 
  # THIS IS AN AUTOGENERATED FILE. DO NOT EDIT THIS FILE DIRECTLY.
  # yarn lockfile v1
